Arguments: 
  /data/data/com.termux/files/usr/bin/node /data/data/com.termux/files/usr/share/yarn/bin/yarn.js

PATH: 
  /data/data/com.termux/files/usr/bin

Yarn version: 
  1.22.19

Node version: 
  19.4.0

Platform: 
  android arm64

Trace: 
  Error: EACCES: permission denied, symlink '../../../../pino/bin.js' -> '/storage/emulated/0/Stiker_Only/node_modules/@adiwajshing/baileys/node_modules/.bin/pino'

npm manifest: 
  {
    "name": "md-base",
    "version": "1.0.0",
    "description": 1,
    "main": "index.js",
    "scripts": {
      "test": "echo \"Error: no test specified\" && exit 1",
      "start": "node index.js"
    },
    "author": "md",
    "license": "ISC",  
    "dependencies": {
      "@adiwajshing/baileys": "^4.4.0",
      "node-fetch": "2.6.1",
      "cheerio": "^1.0.0-rc.12",
      "qrcode-terminal": "^0.12.0",
      "fluent-ffmpeg": "^2.1.2"
  }
  }

yarn manifest: 
  No manifest

Lockfile: 
  No lockfile
